
Hyper-parameters:
is_training	True
per_gpu_batch_size	64
per_gpu_test_batch_size	128
learning_rate	4e-05
task	tiangong
epochs	3
save_path	/cache/output/pointwise/models/bert_pointwise.tiangong.5.5.128.sent_deletion.term_deletion.qd_reorder
score_file_path	/cache/output/bert_pointwise.tiangong.5.5.128.sent_deletion.term_deletion.qd_reorder.score.txt
score_file_pre_path	/cache/output/bert_pointwise.tiangong.5.5.128.sent_deletion.term_deletion.qd_reorder.pre.score.txt
bert_model_path	/cache/data/BertChinese/
pretrain_model_path	/cache/output/pretraining/models/BertContrastive.tiangong.5.5.128.sent_deletion.term_deletion.qd_reorder
log_path	/cache/output/pointwise/logs/BertSessionSearch.tiangong.log
batch_size	256
test_batch_size	512
Epoch 1/3
Best Result: MAP: 0.8586 MRR: 0.9304 NDCG@1: 0.7507 NDCG@3: 0.7470 NDCG@5: 0.7604 NDCG@10: 0.8863 
Previsou Query - Best Result: MAP: 0.6836 MRR: 0.7056 NDCG@1: 0.5534 NDCG@3: 0.6719 NDCG@5: 0.7222 NDCG@10: 0.7694 
Previsou Query - Best Result: MAP: 0.7056 MRR: 0.7282 NDCG@1: 0.5869 NDCG@3: 0.6939 NDCG@5: 0.7442 NDCG@10: 0.7859 
Previsou Query - Best Result: MAP: 0.7141 MRR: 0.7373 NDCG@1: 0.5960 NDCG@3: 0.7056 NDCG@5: 0.7519 NDCG@10: 0.7926 
Previsou Query - Best Result: MAP: 0.7171 MRR: 0.7391 NDCG@1: 0.6017 NDCG@3: 0.7064 NDCG@5: 0.7540 NDCG@10: 0.7945 
Previsou Query - Best Result: MAP: 0.7228 MRR: 0.7459 NDCG@1: 0.6084 NDCG@3: 0.7146 NDCG@5: 0.7588 NDCG@10: 0.7990 
Previsou Query - Best Result: MAP: 0.7226 MRR: 0.7455 NDCG@1: 0.6081 NDCG@3: 0.7139 NDCG@5: 0.7587 NDCG@10: 0.7988 
Epoch 2/3
Previsou Query - Best Result: MAP: 0.7225 MRR: 0.7462 NDCG@1: 0.6054 NDCG@3: 0.7174 NDCG@5: 0.7617 NDCG@10: 0.7991 
Previsou Query - Best Result: MAP: 0.7266 MRR: 0.7486 NDCG@1: 0.6111 NDCG@3: 0.7191 NDCG@5: 0.7627 NDCG@10: 0.8018 
Previsou Query - Best Result: MAP: 0.7294 MRR: 0.7516 NDCG@1: 0.6149 NDCG@3: 0.7224 NDCG@5: 0.7656 NDCG@10: 0.8040 
Previsou Query - Best Result: MAP: 0.7307 MRR: 0.7520 NDCG@1: 0.6126 NDCG@3: 0.7223 NDCG@5: 0.7680 NDCG@10: 0.8049 
Previsou Query - Best Result: MAP: 0.7357 MRR: 0.7575 NDCG@1: 0.6209 NDCG@3: 0.7305 NDCG@5: 0.7725 NDCG@10: 0.8087 
Previsou Query - Best Result: MAP: 0.7351 MRR: 0.7565 NDCG@1: 0.6194 NDCG@3: 0.7299 NDCG@5: 0.7721 NDCG@10: 0.8082 
Epoch 3/3
Best Result: MAP: 0.8543 MRR: 0.9302 NDCG@1: 0.7669 NDCG@3: 0.7502 NDCG@5: 0.7609 NDCG@10: 0.8887 
Previsou Query - Best Result: MAP: 0.7395 MRR: 0.7626 NDCG@1: 0.6300 NDCG@3: 0.7336 NDCG@5: 0.7756 NDCG@10: 0.8117 
Previsou Query - Best Result: MAP: 0.7391 MRR: 0.7620 NDCG@1: 0.6296 NDCG@3: 0.7336 NDCG@5: 0.7749 NDCG@10: 0.8114 
Previsou Query - Best Result: MAP: 0.7422 MRR: 0.7657 NDCG@1: 0.6349 NDCG@3: 0.7371 NDCG@5: 0.7782 NDCG@10: 0.8139 
Previsou Query - Best Result: MAP: 0.7435 MRR: 0.7663 NDCG@1: 0.6367 NDCG@3: 0.7370 NDCG@5: 0.7791 NDCG@10: 0.8147 
Previsou Query - Best Result: MAP: 0.7444 MRR: 0.7675 NDCG@1: 0.6382 NDCG@3: 0.7383 NDCG@5: 0.7801 NDCG@10: 0.8154 
Previsou Query - Best Result: MAP: 0.7444 MRR: 0.7675 NDCG@1: 0.6382 NDCG@3: 0.7383 NDCG@5: 0.7801 NDCG@10: 0.8154 
