
Hyper-parameters:
is_training	True
per_gpu_batch_size	64
per_gpu_test_batch_size	128
learning_rate	0.0001
task	aol
epochs	3
save_path	/cache/output/pointwise/models/bert_sessionsearch.aol.5.30.sent_deletion.term_deletion.qd_reorder
score_file_path	/cache/output/BertContrastive.aol.5.30.sent_deletion.term_deletion.qd_reorder.score.txt
score_file_pre_path	score_file.preq.txt
bert_model_path	/cache/data/BertModel/
pretrain_model_path	/cache/output/pretraining/models/BertContrastive.aol.5.30.sent_deletion.term_deletion.qd_reorder
log_path	/cache/output/pointwise/logs/BertSessionSearch.aol.log
batch_size	256
test_batch_size	512
Epoch 1/3
Best Result: MAP: 0.5061 MRR: 0.5161 NDCG@1: 0.3584 NDCG@3: 0.5025 NDCG@5: 0.5357 NDCG@10: 0.5705 
Best Result: MAP: 0.5109 MRR: 0.5200 NDCG@1: 0.3604 NDCG@3: 0.5084 NDCG@5: 0.5427 NDCG@10: 0.5760 
Best Result: MAP: 0.5131 MRR: 0.5215 NDCG@1: 0.3604 NDCG@3: 0.5090 NDCG@5: 0.5462 NDCG@10: 0.5793 
Best Result: MAP: 0.5192 MRR: 0.5273 NDCG@1: 0.3674 NDCG@3: 0.5168 NDCG@5: 0.5524 NDCG@10: 0.5845 
Epoch 2/3
Best Result: MAP: 0.5213 MRR: 0.5305 NDCG@1: 0.3726 NDCG@3: 0.5181 NDCG@5: 0.5530 NDCG@10: 0.5866 
Best Result: MAP: 0.5242 MRR: 0.5344 NDCG@1: 0.3788 NDCG@3: 0.5203 NDCG@5: 0.5581 NDCG@10: 0.5882 
Best Result: MAP: 0.5254 MRR: 0.5342 NDCG@1: 0.3751 NDCG@3: 0.5213 NDCG@5: 0.5607 NDCG@10: 0.5919 
Best Result: MAP: 0.5330 MRR: 0.5422 NDCG@1: 0.3879 NDCG@3: 0.5294 NDCG@5: 0.5665 NDCG@10: 0.5982 
Epoch 3/3
Best Result: MAP: 0.5395 MRR: 0.5497 NDCG@1: 0.3916 NDCG@3: 0.5352 NDCG@5: 0.5737 NDCG@10: 0.6061 

Hyper-parameters:
is_training	True
per_gpu_batch_size	64
per_gpu_test_batch_size	128
learning_rate	0.0001
task	aol
epochs	3
save_path	/cache/output/pointwise/models/bert_sessionsearch.aol.5.30.sent_deletion.term_deletion
score_file_path	/cache/output/BertContrastive.aol.5.30.sent_deletion.term_deletion.score.txt
score_file_pre_path	score_file.preq.txt
bert_model_path	/cache/data/BertModel/
pretrain_model_path	/cache/output/pretraining/models/BertContrastive.aol.5.30.sent_deletion.term_deletion
log_path	/cache/output/pointwise/logs/BertSessionSearch.aol.log
batch_size	256
test_batch_size	512
Epoch 1/3
Best Result: MAP: 0.5061 MRR: 0.5161 NDCG@1: 0.3584 NDCG@3: 0.5025 NDCG@5: 0.5357 NDCG@10: 0.5705 
Best Result: MAP: 0.5109 MRR: 0.5200 NDCG@1: 0.3604 NDCG@3: 0.5084 NDCG@5: 0.5427 NDCG@10: 0.5760 
Best Result: MAP: 0.5131 MRR: 0.5215 NDCG@1: 0.3604 NDCG@3: 0.5090 NDCG@5: 0.5462 NDCG@10: 0.5793 
Best Result: MAP: 0.5192 MRR: 0.5273 NDCG@1: 0.3674 NDCG@3: 0.5168 NDCG@5: 0.5524 NDCG@10: 0.5845 
Epoch 2/3
Best Result: MAP: 0.5213 MRR: 0.5305 NDCG@1: 0.3726 NDCG@3: 0.5181 NDCG@5: 0.5530 NDCG@10: 0.5866 
Best Result: MAP: 0.5242 MRR: 0.5344 NDCG@1: 0.3788 NDCG@3: 0.5203 NDCG@5: 0.5581 NDCG@10: 0.5882 
Best Result: MAP: 0.5254 MRR: 0.5342 NDCG@1: 0.3751 NDCG@3: 0.5213 NDCG@5: 0.5607 NDCG@10: 0.5919 
Best Result: MAP: 0.5330 MRR: 0.5422 NDCG@1: 0.3879 NDCG@3: 0.5294 NDCG@5: 0.5665 NDCG@10: 0.5982 
Epoch 3/3
Best Result: MAP: 0.5395 MRR: 0.5497 NDCG@1: 0.3916 NDCG@3: 0.5352 NDCG@5: 0.5737 NDCG@10: 0.6061 
