
Hyper-parameters:
is_training	True
per_gpu_batch_size	64
per_gpu_test_batch_size	128
learning_rate	5e-05
task	aol
epochs	3
save_path	/cache/output/pointwise/models/bert_sessionsearch.aol.5.10.128.sent_deletion.term_deletion.qd_reorder
score_file_path	/cache/output/BertContrastive.aol.5.10.128.sent_deletion.term_deletion.qd_reorder.score.txt
score_file_pre_path	score_file.preq.txt
bert_model_path	/cache/data/BertModel/
pretrain_model_path	/cache/output/pretraining/models/BertContrastive.aol.5.10.128.stage2
log_path	/cache/output/pointwise/logs/BertSessionSearch.aol.log
batch_size	256
test_batch_size	512
Epoch 1/3
Best Result: MAP: 0.5208 MRR: 0.5306 NDCG@1: 0.3708 NDCG@3: 0.5203 NDCG@5: 0.5540 NDCG@10: 0.5860 
Best Result: MAP: 0.5323 MRR: 0.5411 NDCG@1: 0.3828 NDCG@3: 0.5303 NDCG@5: 0.5652 NDCG@10: 0.5971 
Best Result: MAP: 0.5374 MRR: 0.5460 NDCG@1: 0.3881 NDCG@3: 0.5380 NDCG@5: 0.5717 NDCG@10: 0.6015 
Best Result: MAP: 0.5388 MRR: 0.5476 NDCG@1: 0.3908 NDCG@3: 0.5379 NDCG@5: 0.5739 NDCG@10: 0.6028 
Epoch 2/3
Best Result: MAP: 0.5394 MRR: 0.5485 NDCG@1: 0.3937 NDCG@3: 0.5362 NDCG@5: 0.5738 NDCG@10: 0.6032 
Best Result: MAP: 0.5399 MRR: 0.5488 NDCG@1: 0.3923 NDCG@3: 0.5377 NDCG@5: 0.5754 NDCG@10: 0.6043 
Epoch 3/3
Best Result: MAP: 0.5460 MRR: 0.5560 NDCG@1: 0.3988 NDCG@3: 0.5419 NDCG@5: 0.5809 NDCG@10: 0.6125 

Hyper-parameters:
is_training	True
per_gpu_batch_size	64
per_gpu_test_batch_size	128
learning_rate	5e-05
task	aol
epochs	3
save_path	/cache/output/pointwise/models/bert_sessionsearch.aol.5.10.128.sent_deletion.term_deletion.qd_reorder
score_file_path	/cache/output/BertContrastive.aol.5.10.128.sent_deletion.term_deletion.qd_reorder.score.txt
score_file_pre_path	score_file.preq.txt
bert_model_path	/cache/data/BertModel/
pretrain_model_path	/cache/output/pretraining/models/BertContrastive.aol.5.10.128.stage2
log_path	/cache/output/pointwise/logs/BertSessionSearch.aol.log
batch_size	256
test_batch_size	512
Epoch 1/3
Best Result: MAP: 0.5196 MRR: 0.5289 NDCG@1: 0.3716 NDCG@3: 0.5161 NDCG@5: 0.5510 NDCG@10: 0.5831 
Best Result: MAP: 0.5216 MRR: 0.5315 NDCG@1: 0.3737 NDCG@3: 0.5205 NDCG@5: 0.5536 NDCG@10: 0.5856 
Best Result: MAP: 0.5282 MRR: 0.5370 NDCG@1: 0.3782 NDCG@3: 0.5268 NDCG@5: 0.5611 NDCG@10: 0.5929 
Best Result: MAP: 0.5362 MRR: 0.5449 NDCG@1: 0.3902 NDCG@3: 0.5338 NDCG@5: 0.5698 NDCG@10: 0.6005 
Best Result: MAP: 0.5384 MRR: 0.5471 NDCG@1: 0.3927 NDCG@3: 0.5359 NDCG@5: 0.5731 NDCG@10: 0.6024 
Epoch 2/3
Best Result: MAP: 0.5410 MRR: 0.5500 NDCG@1: 0.3974 NDCG@3: 0.5373 NDCG@5: 0.5751 NDCG@10: 0.6040 
Best Result: MAP: 0.5434 MRR: 0.5515 NDCG@1: 0.3950 NDCG@3: 0.5421 NDCG@5: 0.5784 NDCG@10: 0.6076 
Epoch 3/3
Best Result: MAP: 0.5500 MRR: 0.5600 NDCG@1: 0.4026 NDCG@3: 0.5475 NDCG@5: 0.5851 NDCG@10: 0.6157 
