
Hyper-parameters:
is_training	True
per_gpu_batch_size	64
per_gpu_test_batch_size	128
learning_rate	5e-05
task	aol
epochs	3
save_path	/cache/output/pointwise/models/bert_sessionsearch.aol.3.10.128.sent_deletion.term_deletion.qd_reorder
score_file_path	/cache/output/BertContrastive.aol.3.10.128.sent_deletion.term_deletion.qd_reorder.score.txt
score_file_pre_path	score_file.preq.txt
bert_model_path	/cache/data/BertModel/
pretrain_model_path	/cache/output/pretraining/models/BertContrastive.aol.3.10.128.sent_deletion.term_deletion.qd_reorder
log_path	/cache/output/pointwise/logs/BertSessionSearch.aol.log
batch_size	256
test_batch_size	512
Epoch 1/3
Best Result: MAP: 0.5101 MRR: 0.5195 NDCG@1: 0.3625 NDCG@3: 0.5049 NDCG@5: 0.5408 NDCG@10: 0.5753 
Best Result: MAP: 0.5228 MRR: 0.5326 NDCG@1: 0.3743 NDCG@3: 0.5216 NDCG@5: 0.5559 NDCG@10: 0.5880 
Best Result: MAP: 0.5293 MRR: 0.5386 NDCG@1: 0.3832 NDCG@3: 0.5257 NDCG@5: 0.5626 NDCG@10: 0.5942 
Best Result: MAP: 0.5405 MRR: 0.5494 NDCG@1: 0.3927 NDCG@3: 0.5387 NDCG@5: 0.5761 NDCG@10: 0.6055 
Epoch 2/3
Best Result: MAP: 0.5448 MRR: 0.5538 NDCG@1: 0.3987 NDCG@3: 0.5419 NDCG@5: 0.5806 NDCG@10: 0.6097 
Epoch 3/3
Best Result: MAP: 0.5481 MRR: 0.5583 NDCG@1: 0.4004 NDCG@3: 0.5452 NDCG@5: 0.5826 NDCG@10: 0.6140 
