
Hyper-parameters:
is_training	True
per_gpu_batch_size	64
per_gpu_test_batch_size	128
learning_rate	0.0001
task	aol
epochs	3
save_path	/cache/output/pointwise/models/bert_sessionsearch.aol.5.10.sent_deletion.term_deletion
score_file_path	/cache/output/BertContrastive.aol.5.10.sent_deletion.term_deletion.score.txt
score_file_pre_path	score_file.preq.txt
bert_model_path	/cache/data/BertModel/
pretrain_model_path	/cache/output/pretraining/models/BertContrastive.aol.5.10.sent_deletion.term_deletion
log_path	/cache/output/pointwise/logs/BertSessionSearch.aol.log
batch_size	256
test_batch_size	512
Epoch 1/3
Best Result: MAP: 0.5035 MRR: 0.5128 NDCG@1: 0.3528 NDCG@3: 0.4999 NDCG@5: 0.5352 NDCG@10: 0.5691 
Best Result: MAP: 0.5128 MRR: 0.5222 NDCG@1: 0.3629 NDCG@3: 0.5109 NDCG@5: 0.5442 NDCG@10: 0.5784 
Best Result: MAP: 0.5133 MRR: 0.5224 NDCG@1: 0.3623 NDCG@3: 0.5082 NDCG@5: 0.5469 NDCG@10: 0.5788 
Best Result: MAP: 0.5221 MRR: 0.5314 NDCG@1: 0.3732 NDCG@3: 0.5196 NDCG@5: 0.5553 NDCG@10: 0.5864 
Best Result: MAP: 0.5238 MRR: 0.5325 NDCG@1: 0.3714 NDCG@3: 0.5221 NDCG@5: 0.5597 NDCG@10: 0.5907 
Best Result: MAP: 0.5288 MRR: 0.5375 NDCG@1: 0.3780 NDCG@3: 0.5270 NDCG@5: 0.5649 NDCG@10: 0.5950 
Epoch 2/3
Best Result: MAP: 0.5335 MRR: 0.5427 NDCG@1: 0.3890 NDCG@3: 0.5301 NDCG@5: 0.5665 NDCG@10: 0.5961 
Best Result: MAP: 0.5372 MRR: 0.5464 NDCG@1: 0.3925 NDCG@3: 0.5352 NDCG@5: 0.5713 NDCG@10: 0.6020 
Epoch 3/3
Best Result: MAP: 0.5414 MRR: 0.5514 NDCG@1: 0.3941 NDCG@3: 0.5376 NDCG@5: 0.5753 NDCG@10: 0.6075 

Hyper-parameters:
is_training	True
per_gpu_batch_size	64
per_gpu_test_batch_size	128
learning_rate	0.0001
task	aol
epochs	3
save_path	/cache/output/pointwise/models/bert_sessionsearch.aol.5.5.sent_deletion.term_deletion
score_file_path	/cache/output/BertContrastive.aol.5.5.sent_deletion.term_deletion.score.txt
score_file_pre_path	score_file.preq.txt
bert_model_path	/cache/data/BertModel/
pretrain_model_path	/cache/output/pretraining/models/BertContrastive.aol.5.5.sent_deletion.term_deletion
log_path	/cache/output/pointwise/logs/BertSessionSearch.aol.log
batch_size	256
test_batch_size	512
Epoch 1/3
Best Result: MAP: 0.5006 MRR: 0.5104 NDCG@1: 0.3534 NDCG@3: 0.4966 NDCG@5: 0.5294 NDCG@10: 0.5648 
Best Result: MAP: 0.5046 MRR: 0.5141 NDCG@1: 0.3552 NDCG@3: 0.4996 NDCG@5: 0.5375 NDCG@10: 0.5708 
Best Result: MAP: 0.5082 MRR: 0.5176 NDCG@1: 0.3596 NDCG@3: 0.5031 NDCG@5: 0.5388 NDCG@10: 0.5736 
Best Result: MAP: 0.5130 MRR: 0.5225 NDCG@1: 0.3658 NDCG@3: 0.5077 NDCG@5: 0.5445 NDCG@10: 0.5779 
Best Result: MAP: 0.5219 MRR: 0.5312 NDCG@1: 0.3735 NDCG@3: 0.5177 NDCG@5: 0.5549 NDCG@10: 0.5871 
Best Result: MAP: 0.5261 MRR: 0.5355 NDCG@1: 0.3780 NDCG@3: 0.5232 NDCG@5: 0.5586 NDCG@10: 0.5906 
Epoch 2/3
Best Result: MAP: 0.5269 MRR: 0.5362 NDCG@1: 0.3825 NDCG@3: 0.5208 NDCG@5: 0.5594 NDCG@10: 0.5917 
Best Result: MAP: 0.5274 MRR: 0.5369 NDCG@1: 0.3832 NDCG@3: 0.5209 NDCG@5: 0.5620 NDCG@10: 0.5938 
Best Result: MAP: 0.5300 MRR: 0.5393 NDCG@1: 0.3832 NDCG@3: 0.5254 NDCG@5: 0.5637 NDCG@10: 0.5961 
Epoch 3/3
Best Result: MAP: 0.5369 MRR: 0.5469 NDCG@1: 0.3890 NDCG@3: 0.5313 NDCG@5: 0.5711 NDCG@10: 0.6041 
