
Hyper-parameters:
is_training	True
per_gpu_batch_size	64
per_gpu_test_batch_size	128
learning_rate	5e-05
task	aol
epochs	3
save_path	/cache/output/pointwise/models/bert_sessionsearch.aol.5.10.16.sent_deletion.term_deletion.qd_reorder
score_file_path	/cache/output/BertContrastive.aol.5.10.16.sent_deletion.term_deletion.qd_reorder.score.txt
score_file_pre_path	score_file.preq.txt
bert_model_path	/cache/data/BertModel/
pretrain_model_path	/cache/output/pretraining/models/BertContrastive.aol.5.10.16.sent_deletion.term_deletion.qd_reorder
log_path	/cache/output/pointwise/logs/BertSessionSearch.aol.log
batch_size	256
test_batch_size	512
Epoch 1/3
Best Result: MAP: 0.5062 MRR: 0.5159 NDCG@1: 0.3557 NDCG@3: 0.5028 NDCG@5: 0.5391 NDCG@10: 0.5712 
Best Result: MAP: 0.5107 MRR: 0.5203 NDCG@1: 0.3608 NDCG@3: 0.5080 NDCG@5: 0.5434 NDCG@10: 0.5757 
Best Result: MAP: 0.5110 MRR: 0.5206 NDCG@1: 0.3596 NDCG@3: 0.5069 NDCG@5: 0.5451 NDCG@10: 0.5777 
Best Result: MAP: 0.5273 MRR: 0.5372 NDCG@1: 0.3799 NDCG@3: 0.5245 NDCG@5: 0.5615 NDCG@10: 0.5923 
Epoch 2/3
Best Result: MAP: 0.5337 MRR: 0.5420 NDCG@1: 0.3854 NDCG@3: 0.5296 NDCG@5: 0.5695 NDCG@10: 0.5985 
Epoch 3/3
Best Result: MAP: 0.5380 MRR: 0.5482 NDCG@1: 0.3897 NDCG@3: 0.5338 NDCG@5: 0.5720 NDCG@10: 0.6044 

Hyper-parameters:
is_training	True
per_gpu_batch_size	64
per_gpu_test_batch_size	128
learning_rate	5e-05
task	aol
epochs	3
save_path	/cache/output/pointwise/models/bert_sessionsearch.aol.5.10.32.sent_deletion.term_deletion.qd_reorder
score_file_path	/cache/output/BertContrastive.aol.5.10.32.sent_deletion.term_deletion.qd_reorder.score.txt
score_file_pre_path	score_file.preq.txt
bert_model_path	/cache/data/BertModel/
pretrain_model_path	/cache/output/pretraining/models/BertContrastive.aol.5.10.32.sent_deletion.term_deletion.qd_reorder
log_path	/cache/output/pointwise/logs/BertSessionSearch.aol.log
batch_size	256
test_batch_size	512
Epoch 1/3
Best Result: MAP: 0.5083 MRR: 0.5177 NDCG@1: 0.3569 NDCG@3: 0.5045 NDCG@5: 0.5409 NDCG@10: 0.5742 
Best Result: MAP: 0.5157 MRR: 0.5252 NDCG@1: 0.3668 NDCG@3: 0.5126 NDCG@5: 0.5478 NDCG@10: 0.5808 
Best Result: MAP: 0.5204 MRR: 0.5297 NDCG@1: 0.3704 NDCG@3: 0.5183 NDCG@5: 0.5543 NDCG@10: 0.5871 
Best Result: MAP: 0.5334 MRR: 0.5432 NDCG@1: 0.3871 NDCG@3: 0.5329 NDCG@5: 0.5663 NDCG@10: 0.5972 
Epoch 2/3
Best Result: MAP: 0.5359 MRR: 0.5452 NDCG@1: 0.3887 NDCG@3: 0.5350 NDCG@5: 0.5708 NDCG@10: 0.6004 
Best Result: MAP: 0.5387 MRR: 0.5478 NDCG@1: 0.3914 NDCG@3: 0.5368 NDCG@5: 0.5718 NDCG@10: 0.6039 
Epoch 3/3
Best Result: MAP: 0.5447 MRR: 0.5547 NDCG@1: 0.3972 NDCG@3: 0.5410 NDCG@5: 0.5797 NDCG@10: 0.6108 

Hyper-parameters:
is_training	True
per_gpu_batch_size	64
per_gpu_test_batch_size	128
learning_rate	5e-05
task	aol
epochs	3
save_path	/cache/output/pointwise/models/bert_sessionsearch.aol.5.10.64.sent_deletion.term_deletion.qd_reorder
score_file_path	/cache/output/BertContrastive.aol.5.10.64.sent_deletion.term_deletion.qd_reorder.score.txt
score_file_pre_path	score_file.preq.txt
bert_model_path	/cache/data/BertModel/
pretrain_model_path	/cache/output/pretraining/models/BertContrastive.aol.5.10.64.sent_deletion.term_deletion.qd_reorder
log_path	/cache/output/pointwise/logs/BertSessionSearch.aol.log
batch_size	256
test_batch_size	512
Epoch 1/3
Best Result: MAP: 0.5091 MRR: 0.5184 NDCG@1: 0.3588 NDCG@3: 0.5037 NDCG@5: 0.5416 NDCG@10: 0.5749 
Best Result: MAP: 0.5182 MRR: 0.5279 NDCG@1: 0.3704 NDCG@3: 0.5160 NDCG@5: 0.5505 NDCG@10: 0.5828 
Best Result: MAP: 0.5194 MRR: 0.5286 NDCG@1: 0.3679 NDCG@3: 0.5169 NDCG@5: 0.5534 NDCG@10: 0.5862 
Best Result: MAP: 0.5343 MRR: 0.5437 NDCG@1: 0.3873 NDCG@3: 0.5340 NDCG@5: 0.5670 NDCG@10: 0.5981 
Best Result: MAP: 0.5345 MRR: 0.5432 NDCG@1: 0.3848 NDCG@3: 0.5344 NDCG@5: 0.5700 NDCG@10: 0.5994 
Best Result: MAP: 0.5362 MRR: 0.5450 NDCG@1: 0.3863 NDCG@3: 0.5371 NDCG@5: 0.5717 NDCG@10: 0.6009 
Epoch 2/3
Best Result: MAP: 0.5410 MRR: 0.5512 NDCG@1: 0.3981 NDCG@3: 0.5385 NDCG@5: 0.5758 NDCG@10: 0.6044 
Epoch 3/3
Best Result: MAP: 0.5432 MRR: 0.5534 NDCG@1: 0.3951 NDCG@3: 0.5401 NDCG@5: 0.5779 NDCG@10: 0.6089 
