
Hyper-parameters:
is_training	True
per_gpu_batch_size	64
per_gpu_test_batch_size	128
learning_rate	5e-05
task	tiangong
epochs	3
save_path	/cache/output/pointwise/models/bert_pointwise.tiangong.5.5.128.sent_deletion.term_deletion.qd_reorder
score_file_path	/cache/output/bert_pointwise.tiangong.5.5.128.sent_deletion.term_deletion.qd_reorder.score.txt
score_file_pre_path	/cache/output/bert_pointwise.tiangong.5.5.128.sent_deletion.term_deletion.qd_reorder.pre.score.txt
bert_model_path	/cache/data/BertChinese/
pretrain_model_path	/cache/output/pretraining/models/BertContrastive.tiangong.5.5.128.sent_deletion.term_deletion.qd_reorder
log_path	/cache/output/pointwise/logs/BertSessionSearch.tiangong.log
batch_size	256
test_batch_size	512
Epoch 1/3
Best Result: MAP: 0.8521 MRR: 0.9258 NDCG@1: 0.7472 NDCG@3: 0.7381 NDCG@5: 0.7502 NDCG@10: 0.8830 
Previsou Query - Best Result: MAP: 0.6801 MRR: 0.7007 NDCG@1: 0.5439 NDCG@3: 0.6680 NDCG@5: 0.7218 NDCG@10: 0.7667 
Best Result: MAP: 0.8608 MRR: 0.9229 NDCG@1: 0.7409 NDCG@3: 0.7450 NDCG@5: 0.7604 NDCG@10: 0.8866 
Previsou Query - Best Result: MAP: 0.7046 MRR: 0.7271 NDCG@1: 0.5824 NDCG@3: 0.6952 NDCG@5: 0.7405 NDCG@10: 0.7852 
Previsou Query - Best Result: MAP: 0.7076 MRR: 0.7298 NDCG@1: 0.5869 NDCG@3: 0.6979 NDCG@5: 0.7457 NDCG@10: 0.7874 
Previsou Query - Best Result: MAP: 0.7163 MRR: 0.7405 NDCG@1: 0.6024 NDCG@3: 0.7051 NDCG@5: 0.7540 NDCG@10: 0.7944 
Best Result: MAP: 0.8612 MRR: 0.9244 NDCG@1: 0.7581 NDCG@3: 0.7526 NDCG@5: 0.7738 NDCG@10: 0.8910 
Previsou Query - Best Result: MAP: 0.7199 MRR: 0.7436 NDCG@1: 0.6058 NDCG@3: 0.7128 NDCG@5: 0.7562 NDCG@10: 0.7969 
Best Result: MAP: 0.8626 MRR: 0.9265 NDCG@1: 0.7627 NDCG@3: 0.7538 NDCG@5: 0.7750 NDCG@10: 0.8921 
Previsou Query - Best Result: MAP: 0.7207 MRR: 0.7441 NDCG@1: 0.6062 NDCG@3: 0.7140 NDCG@5: 0.7565 NDCG@10: 0.7975 
Epoch 2/3
Previsou Query - Best Result: MAP: 0.7201 MRR: 0.7423 NDCG@1: 0.6043 NDCG@3: 0.7127 NDCG@5: 0.7580 NDCG@10: 0.7968 
Previsou Query - Best Result: MAP: 0.7294 MRR: 0.7518 NDCG@1: 0.6198 NDCG@3: 0.7214 NDCG@5: 0.7652 NDCG@10: 0.8038 
Previsou Query - Best Result: MAP: 0.7254 MRR: 0.7473 NDCG@1: 0.6081 NDCG@3: 0.7171 NDCG@5: 0.7642 NDCG@10: 0.8009 
Best Result: MAP: 0.8623 MRR: 0.9382 NDCG@1: 0.7769 NDCG@3: 0.7576 NDCG@5: 0.7703 NDCG@10: 0.8932 
Previsou Query - Best Result: MAP: 0.7330 MRR: 0.7544 NDCG@1: 0.6171 NDCG@3: 0.7274 NDCG@5: 0.7725 NDCG@10: 0.8067 
Previsou Query - Best Result: MAP: 0.7374 MRR: 0.7601 NDCG@1: 0.6262 NDCG@3: 0.7299 NDCG@5: 0.7762 NDCG@10: 0.8101 
Previsou Query - Best Result: MAP: 0.7368 MRR: 0.7592 NDCG@1: 0.6247 NDCG@3: 0.7295 NDCG@5: 0.7750 NDCG@10: 0.8096 
Epoch 3/3
Previsou Query - Best Result: MAP: 0.7409 MRR: 0.7636 NDCG@1: 0.6307 NDCG@3: 0.7353 NDCG@5: 0.7800 NDCG@10: 0.8128 
Previsou Query - Best Result: MAP: 0.7403 MRR: 0.7618 NDCG@1: 0.6269 NDCG@3: 0.7342 NDCG@5: 0.7776 NDCG@10: 0.8121 
Previsou Query - Best Result: MAP: 0.7450 MRR: 0.7664 NDCG@1: 0.6326 NDCG@3: 0.7414 NDCG@5: 0.7830 NDCG@10: 0.8157 
Previsou Query - Best Result: MAP: 0.7465 MRR: 0.7681 NDCG@1: 0.6375 NDCG@3: 0.7412 NDCG@5: 0.7847 NDCG@10: 0.8168 
Previsou Query - Best Result: MAP: 0.7481 MRR: 0.7696 NDCG@1: 0.6386 NDCG@3: 0.7445 NDCG@5: 0.7858 NDCG@10: 0.8180 
Previsou Query - Best Result: MAP: 0.7481 MRR: 0.7696 NDCG@1: 0.6386 NDCG@3: 0.7445 NDCG@5: 0.7858 NDCG@10: 0.8180 

Hyper-parameters:
is_training	True
per_gpu_batch_size	64
per_gpu_test_batch_size	128
learning_rate	5e-05
task	tiangong
epochs	3
save_path	/cache/output/pointwise/models/bert_sessionsearch.tiangong.5.30.128.sent_deletion.term_deletion.qd_reorder
score_file_path	/cache/output/BertContrastive.tiangong.5.30.128.sent_deletion.term_deletion.qd_reorder.score.txt
score_file_pre_path	/cache/output/bert_pointwise.tiangong.5.30.128.sent_deletion.term_deletion.qd_reorder.pre.score.txt
bert_model_path	/cache/data/BertChinese/
pretrain_model_path	/cache/output/pretraining/models/BertContrastive.tiangong.5.30.128.sent_deletion.term_deletion.qd_reorder
log_path	/cache/output/pointwise/logs/BertSessionSearch.tiangong.log
batch_size	256
test_batch_size	512
Epoch 1/3
Best Result: MAP: 0.8583 MRR: 0.9300 NDCG@1: 0.7466 NDCG@3: 0.7432 NDCG@5: 0.7553 NDCG@10: 0.8854 
Previsou Query - Best Result: MAP: 0.6786 MRR: 0.7010 NDCG@1: 0.5492 NDCG@3: 0.6625 NDCG@5: 0.7183 NDCG@10: 0.7657 
Previsou Query - Best Result: MAP: 0.7030 MRR: 0.7258 NDCG@1: 0.5862 NDCG@3: 0.6895 NDCG@5: 0.7380 NDCG@10: 0.7839 
Previsou Query - Best Result: MAP: 0.7053 MRR: 0.7279 NDCG@1: 0.5836 NDCG@3: 0.6937 NDCG@5: 0.7446 NDCG@10: 0.7858 
Previsou Query - Best Result: MAP: 0.7095 MRR: 0.7323 NDCG@1: 0.5941 NDCG@3: 0.6995 NDCG@5: 0.7447 NDCG@10: 0.7888 
Best Result: MAP: 0.8586 MRR: 0.9359 NDCG@1: 0.7648 NDCG@3: 0.7503 NDCG@5: 0.7660 NDCG@10: 0.8903 
Previsou Query - Best Result: MAP: 0.7163 MRR: 0.7394 NDCG@1: 0.5998 NDCG@3: 0.7071 NDCG@5: 0.7511 NDCG@10: 0.7942 
Best Result: MAP: 0.8594 MRR: 0.9359 NDCG@1: 0.7649 NDCG@3: 0.7516 NDCG@5: 0.7661 NDCG@10: 0.8908 
Previsou Query - Best Result: MAP: 0.7156 MRR: 0.7390 NDCG@1: 0.5983 NDCG@3: 0.7063 NDCG@5: 0.7512 NDCG@10: 0.7937 
Epoch 2/3
Previsou Query - Best Result: MAP: 0.7208 MRR: 0.7434 NDCG@1: 0.6043 NDCG@3: 0.7123 NDCG@5: 0.7582 NDCG@10: 0.7975 
Previsou Query - Best Result: MAP: 0.7270 MRR: 0.7497 NDCG@1: 0.6149 NDCG@3: 0.7199 NDCG@5: 0.7623 NDCG@10: 0.8021 
Previsou Query - Best Result: MAP: 0.7226 MRR: 0.7460 NDCG@1: 0.6084 NDCG@3: 0.7148 NDCG@5: 0.7581 NDCG@10: 0.7990 
Previsou Query - Best Result: MAP: 0.7263 MRR: 0.7497 NDCG@1: 0.6130 NDCG@3: 0.7183 NDCG@5: 0.7640 NDCG@10: 0.8018 
Previsou Query - Best Result: MAP: 0.7332 MRR: 0.7570 NDCG@1: 0.6243 NDCG@3: 0.7241 NDCG@5: 0.7702 NDCG@10: 0.8071 
Previsou Query - Best Result: MAP: 0.7326 MRR: 0.7562 NDCG@1: 0.6232 NDCG@3: 0.7238 NDCG@5: 0.7700 NDCG@10: 0.8067 
Epoch 3/3
Previsou Query - Best Result: MAP: 0.7340 MRR: 0.7571 NDCG@1: 0.6239 NDCG@3: 0.7279 NDCG@5: 0.7713 NDCG@10: 0.8076 
Previsou Query - Best Result: MAP: 0.7383 MRR: 0.7612 NDCG@1: 0.6315 NDCG@3: 0.7310 NDCG@5: 0.7753 NDCG@10: 0.8107 
Previsou Query - Best Result: MAP: 0.7398 MRR: 0.7624 NDCG@1: 0.6315 NDCG@3: 0.7332 NDCG@5: 0.7764 NDCG@10: 0.8118 
Previsou Query - Best Result: MAP: 0.7388 MRR: 0.7611 NDCG@1: 0.6296 NDCG@3: 0.7308 NDCG@5: 0.7749 NDCG@10: 0.8110 
Previsou Query - Best Result: MAP: 0.7413 MRR: 0.7636 NDCG@1: 0.6326 NDCG@3: 0.7346 NDCG@5: 0.7781 NDCG@10: 0.8129 
Previsou Query - Best Result: MAP: 0.7413 MRR: 0.7636 NDCG@1: 0.6326 NDCG@3: 0.7346 NDCG@5: 0.7781 NDCG@10: 0.8129 
