Installed /home/work/anaconda3/lib/python3.6/site-packages/pytrec_eval-0.5-py3.6-linux-x86_64.egg
Processing dependencies for pytrec-eval==0.5
Finished processing dependencies for pytrec-eval==0.5
pytrec ok
0.552700927070873 0.4020225407742858 58738
0.543403267053195 0.4001155151252617 13851
0.4876967263751009 0.3456582633053221 3570
INFO:root:No files to copy.
write success
[ModelArts Service Log]modelarts-pipe: total length: 144710
[Modelarts Service Log]Training end with return code: 0
[Modelarts Service Log]handle outputs of training job
[ModelArts Service Log]modelarts-pipe: will create log file /tmp/log/session_search.log
[ModelArts Service Log]modelarts-pipe: will write log file /tmp/log/session_search.log
[ModelArts Service Log]modelarts-pipe: param for max log length: 1073741824
[ModelArts Service Log]modelarts-pipe: param for whether exit on overflow: 0
[Modelarts Service Log][modelarts_logger] modelarts-pipe found
INFO:root:Using MoXing-v1.17.1-47ce498c
INFO:root:Using OBS-Python-SDK-3.1.2
[ModelArts Service Log][INFO][2021/05/20 13:18:02]: env MA_OUTPUTS is not found, skip the outputs handler
[ModelArts Service Log]modelarts-pipe: total length: 183
[Modelarts Service Log]Training completed.

----------------------------------------------------------------------------------------------------------------------------------

eating /home/work/anaconda3/lib/python3.6/site-packages/pytrec_eval-0.5-py3.6-linux-x86_64.egg
Extracting pytrec_eval-0.5-py3.6-linux-x86_64.egg to /home/work/anaconda3/lib/python3.6/site-packages
Adding pytrec-eval 0.5 to easy-install.pth file

Installed /home/work/anaconda3/lib/python3.6/site-packages/pytrec_eval-0.5-py3.6-linux-x86_64.egg
Processing dependencies for pytrec-eval==0.5
Finished processing dependencies for pytrec-eval==0.5
pytrec ok
1 0.5493230234124796 19540
2 0.5733078480810273 19540
1 0.5361925500786963 8000
2 0.547700997621078 8000
3 0.555333423179394 8000
4 0.5594439402127176 2193
1 0.506302287204167 1829
2 0.5091112960148689 1829
3 0.5046021937668587 1829
4 0.510789116037494 1829
5 0.4955366937794387 1829
6 0.49353463970721184 921
7 0.4726923812307 457
8 0.46276904660166657 219
9 0.44158308630690757 104
10 0.42259541655153365 40
INFO:root:No files to copy.
write success
[ModelArts Service Log]modelarts-pipe: total length: 144991
[Modelarts Service Log]Training end with return code: 0
[Modelarts Service Log]handle outputs of training job
[ModelArts Service Log]modelarts-pipe: will create log file /tmp/log/session_search.log
[ModelArts Service Log]modelarts-p


----------------------------------------------------------------------------------------------------------------------------------

Processing dependencies for pytrec-eval==0.5
Finished processing dependencies for pytrec-eval==0.5
pytrec ok
0.552700927070873 0.5630527763705234 0.4020225407742858 0.5502390266892377 0.5893156834825888 0.6206729692436144 58738
0.543403267053195 0.5527391837087887 0.4001155151252617 0.5390684662493154 0.5745441604959898 0.6064534381965601 13851
0.4876967263751009 0.4933626561470501 0.3456582633053221 0.48418425092634415 0.5117910870914955 0.5446119084128717 3570
INFO:root:No files to copy.
write success
[ModelArts Service Log]modelarts-pipe: total length: 144939
[Modelarts Service Log]Training end with return code: 0
[Modelarts Service Log]handle outputs
