
Hyper-parameters:
is_training	True
per_gpu_batch_size	64
per_gpu_test_batch_size	128
learning_rate	5e-05
task	aol
epochs	3
save_path	/cache/output/pointwise/models/bert_sessionsearch.aol.7.10.128.sent_deletion.term_deletion.qd_reorder
score_file_path	/cache/output/BertContrastive.aol.7.10.128.sent_deletion.term_deletion.qd_reorder.score.txt
score_file_pre_path	score_file.preq.txt
bert_model_path	/cache/data/BertModel/
pretrain_model_path	/cache/output/pretraining/models/BertContrastive.aol.7.10.128.sent_deletion.term_deletion.qd_reorder
log_path	/cache/output/pointwise/logs/BertSessionSearch.aol.log
batch_size	256
test_batch_size	512
Epoch 1/3
Best Result: MAP: 0.5124 MRR: 0.5219 NDCG@1: 0.3643 NDCG@3: 0.5078 NDCG@5: 0.5440 NDCG@10: 0.5773 
Best Result: MAP: 0.5286 MRR: 0.5382 NDCG@1: 0.3799 NDCG@3: 0.5270 NDCG@5: 0.5616 NDCG@10: 0.5927 
Best Result: MAP: 0.5288 MRR: 0.5381 NDCG@1: 0.3809 NDCG@3: 0.5271 NDCG@5: 0.5607 NDCG@10: 0.5939 
Best Result: MAP: 0.5358 MRR: 0.5453 NDCG@1: 0.3896 NDCG@3: 0.5341 NDCG@5: 0.5684 NDCG@10: 0.5997 
Best Result: MAP: 0.5435 MRR: 0.5529 NDCG@1: 0.3966 NDCG@3: 0.5417 NDCG@5: 0.5792 NDCG@10: 0.6085 
Epoch 2/3
Best Result: MAP: 0.5474 MRR: 0.5564 NDCG@1: 0.4032 NDCG@3: 0.5459 NDCG@5: 0.5811 NDCG@10: 0.6107 
Epoch 3/3
Best Result: MAP: 0.5485 MRR: 0.5584 NDCG@1: 0.4004 NDCG@3: 0.5456 NDCG@5: 0.5830 NDCG@10: 0.6150 
