
Hyper-parameters:
is_training	True
per_gpu_batch_size	64
per_gpu_test_batch_size	128
learning_rate	5e-05
task	aol
epochs	3
save_path	/cache/output/pointwise/models/bert_sessionsearch.aol.4.10.128.sent_deletion.term_deletion.qd_reorder
score_file_path	/cache/output/BertContrastive.aol.4.10.128.sent_deletion.term_deletion.qd_reorder.score.txt
score_file_pre_path	score_file.preq.txt
bert_model_path	/cache/data/BertModel/
pretrain_model_path	/cache/output/pretraining/models/BertContrastive.aol.4.10.128.sent_deletion.term_deletion.qd_reorder
log_path	/cache/output/pointwise/logs/BertSessionSearch.aol.log
batch_size	256
test_batch_size	512
Epoch 1/3
Best Result: MAP: 0.5144 MRR: 0.5243 NDCG@1: 0.3677 NDCG@3: 0.5109 NDCG@5: 0.5454 NDCG@10: 0.5790 
Best Result: MAP: 0.5271 MRR: 0.5365 NDCG@1: 0.3782 NDCG@3: 0.5284 NDCG@5: 0.5588 NDCG@10: 0.5916 
Best Result: MAP: 0.5301 MRR: 0.5393 NDCG@1: 0.3813 NDCG@3: 0.5279 NDCG@5: 0.5633 NDCG@10: 0.5942 
Best Result: MAP: 0.5345 MRR: 0.5433 NDCG@1: 0.3887 NDCG@3: 0.5307 NDCG@5: 0.5668 NDCG@10: 0.5985 
Best Result: MAP: 0.5399 MRR: 0.5484 NDCG@1: 0.3916 NDCG@3: 0.5371 NDCG@5: 0.5752 NDCG@10: 0.6050 
Epoch 2/3
Best Result: MAP: 0.5492 MRR: 0.5583 NDCG@1: 0.4065 NDCG@3: 0.5467 NDCG@5: 0.5831 NDCG@10: 0.6128 
Epoch 3/3
Best Result: MAP: 0.5500 MRR: 0.5601 NDCG@1: 0.4024 NDCG@3: 0.5478 NDCG@5: 0.5849 NDCG@10: 0.6160 
