
Hyper-parameters:
is_training	True
per_gpu_batch_size	64
per_gpu_test_batch_size	128
learning_rate	3e-05
task	tiangong
epochs	3
save_path	/cache/output/pointwise/models/bert_pointwise.tiangong.5.5.128.sent_deletion.term_deletion.qd_reorder
score_file_path	/cache/output/bert_pointwise.tiangong.5.5.128.sent_deletion.term_deletion.qd_reorder.score.txt
score_file_pre_path	/cache/output/bert_pointwise.tiangong.5.5.128.sent_deletion.term_deletion.qd_reorder.pre.score.txt
bert_model_path	/cache/data/BertChinese/
pretrain_model_path	/cache/output/pretraining/models/BertContrastive.tiangong.5.5.128.sent_deletion.term_deletion.qd_reorder
log_path	/cache/output/pointwise/logs/BertSessionSearch.tiangong.log
batch_size	256
test_batch_size	512
Epoch 1/3
Best Result: MAP: 0.8570 MRR: 0.9282 NDCG@1: 0.7482 NDCG@3: 0.7451 NDCG@5: 0.7540 NDCG@10: 0.8846 
Previsou Query - Best Result: MAP: 0.6921 MRR: 0.7145 NDCG@1: 0.5670 NDCG@3: 0.6775 NDCG@5: 0.7291 NDCG@10: 0.7757 
Previsou Query - Best Result: MAP: 0.7045 MRR: 0.7269 NDCG@1: 0.5836 NDCG@3: 0.6952 NDCG@5: 0.7404 NDCG@10: 0.7850 
Previsou Query - Best Result: MAP: 0.7090 MRR: 0.7323 NDCG@1: 0.5922 NDCG@3: 0.6990 NDCG@5: 0.7442 NDCG@10: 0.7886 
Previsou Query - Best Result: MAP: 0.7151 MRR: 0.7373 NDCG@1: 0.5937 NDCG@3: 0.7051 NDCG@5: 0.7516 NDCG@10: 0.7932 
Best Result: MAP: 0.8630 MRR: 0.9297 NDCG@1: 0.7594 NDCG@3: 0.7545 NDCG@5: 0.7711 NDCG@10: 0.8914 
Previsou Query - Best Result: MAP: 0.7192 MRR: 0.7429 NDCG@1: 0.6043 NDCG@3: 0.7103 NDCG@5: 0.7565 NDCG@10: 0.7964 
Previsou Query - Best Result: MAP: 0.7195 MRR: 0.7430 NDCG@1: 0.6039 NDCG@3: 0.7105 NDCG@5: 0.7562 NDCG@10: 0.7967 
Epoch 2/3
Previsou Query - Best Result: MAP: 0.7257 MRR: 0.7479 NDCG@1: 0.6118 NDCG@3: 0.7175 NDCG@5: 0.7631 NDCG@10: 0.8011 
Previsou Query - Best Result: MAP: 0.7286 MRR: 0.7511 NDCG@1: 0.6175 NDCG@3: 0.7186 NDCG@5: 0.7648 NDCG@10: 0.8032 
Previsou Query - Best Result: MAP: 0.7310 MRR: 0.7532 NDCG@1: 0.6201 NDCG@3: 0.7224 NDCG@5: 0.7676 NDCG@10: 0.8050 
Best Result: MAP: 0.8577 MRR: 0.9378 NDCG@1: 0.7778 NDCG@3: 0.7567 NDCG@5: 0.7679 NDCG@10: 0.8919 
Previsou Query - Best Result: MAP: 0.7336 MRR: 0.7553 NDCG@1: 0.6186 NDCG@3: 0.7282 NDCG@5: 0.7715 NDCG@10: 0.8070 
Previsou Query - Best Result: MAP: 0.7366 MRR: 0.7585 NDCG@1: 0.6254 NDCG@3: 0.7298 NDCG@5: 0.7733 NDCG@10: 0.8092 
Previsou Query - Best Result: MAP: 0.7363 MRR: 0.7583 NDCG@1: 0.6250 NDCG@3: 0.7294 NDCG@5: 0.7731 NDCG@10: 0.8091 
Epoch 3/3
Previsou Query - Best Result: MAP: 0.7344 MRR: 0.7564 NDCG@1: 0.6198 NDCG@3: 0.7295 NDCG@5: 0.7714 NDCG@10: 0.8078 
Previsou Query - Best Result: MAP: 0.7377 MRR: 0.7597 NDCG@1: 0.6277 NDCG@3: 0.7306 NDCG@5: 0.7730 NDCG@10: 0.8101 
Previsou Query - Best Result: MAP: 0.7412 MRR: 0.7630 NDCG@1: 0.6303 NDCG@3: 0.7361 NDCG@5: 0.7768 NDCG@10: 0.8127 
Previsou Query - Best Result: MAP: 0.7411 MRR: 0.7622 NDCG@1: 0.6273 NDCG@3: 0.7355 NDCG@5: 0.7772 NDCG@10: 0.8126 
Previsou Query - Best Result: MAP: 0.7426 MRR: 0.7642 NDCG@1: 0.6311 NDCG@3: 0.7372 NDCG@5: 0.7796 NDCG@10: 0.8138 
Previsou Query - Best Result: MAP: 0.7426 MRR: 0.7642 NDCG@1: 0.6311 NDCG@3: 0.7372 NDCG@5: 0.7796 NDCG@10: 0.8138 
