
Hyper-parameters:
is_training	True
per_gpu_batch_size	64
per_gpu_test_batch_size	128
learning_rate	5e-05
task	tiangong
epochs	3
save_path	/cache/output/pointwise/models/bert_pointwise.tiangong.5.5.128.sent_deletion.term_deletion.qd_reorder
score_file_path	/cache/output/bert_pointwise.tiangong.5.5.128.sent_deletion.term_deletion.qd_reorder.score.txt
score_file_pre_path	/cache/output/bert_pointwise.tiangong.5.5.128.sent_deletion.term_deletion.qd_reorder.pre.score.txt
bert_model_path	/cache/data/BertModel/
pretrain_model_path	/cache/output/pretraining/models/BertContrastive.tiangong.5.5.128.sent_deletion.term_deletion.qd_reorder
log_path	/cache/output/pointwise/logs/BertSessionSearch.tiangong.log
batch_size	256
test_batch_size	512
Epoch 1/3
Best Result: MAP: 0.8579 MRR: 0.9100 NDCG@1: 0.6965 NDCG@3: 0.7111 NDCG@5: 0.7349 NDCG@10: 0.8721 
Previsou Query - Best Result: MAP: 0.6269 MRR: 0.6473 NDCG@1: 0.4870 NDCG@3: 0.6013 NDCG@5: 0.6593 NDCG@10: 0.7252 
Best Result: MAP: 0.8653 MRR: 0.9330 NDCG@1: 0.7413 NDCG@3: 0.7333 NDCG@5: 0.7494 NDCG@10: 0.8819 
Previsou Query - Best Result: MAP: 0.6541 MRR: 0.6759 NDCG@1: 0.5228 NDCG@3: 0.6339 NDCG@5: 0.6877 NDCG@10: 0.7462 
Previsou Query - Best Result: MAP: 0.6544 MRR: 0.6750 NDCG@1: 0.5145 NDCG@3: 0.6380 NDCG@5: 0.6911 NDCG@10: 0.7465 
Previsou Query - Best Result: MAP: 0.6694 MRR: 0.6917 NDCG@1: 0.5417 NDCG@3: 0.6517 NDCG@5: 0.7043 NDCG@10: 0.7581 
Previsou Query - Best Result: MAP: 0.6797 MRR: 0.7010 NDCG@1: 0.5507 NDCG@3: 0.6668 NDCG@5: 0.7153 NDCG@10: 0.7658 
Previsou Query - Best Result: MAP: 0.6798 MRR: 0.7017 NDCG@1: 0.5519 NDCG@3: 0.6672 NDCG@5: 0.7163 NDCG@10: 0.7660 
Epoch 2/3
Previsou Query - Best Result: MAP: 0.6825 MRR: 0.7058 NDCG@1: 0.5598 NDCG@3: 0.6677 NDCG@5: 0.7171 NDCG@10: 0.7682 
Previsou Query - Best Result: MAP: 0.6820 MRR: 0.7048 NDCG@1: 0.5568 NDCG@3: 0.6680 NDCG@5: 0.7173 NDCG@10: 0.7678 
Previsou Query - Best Result: MAP: 0.6884 MRR: 0.7111 NDCG@1: 0.5643 NDCG@3: 0.6762 NDCG@5: 0.7237 NDCG@10: 0.7727 
Previsou Query - Best Result: MAP: 0.6965 MRR: 0.7186 NDCG@1: 0.5734 NDCG@3: 0.6846 NDCG@5: 0.7333 NDCG@10: 0.7788 
Previsou Query - Best Result: MAP: 0.7018 MRR: 0.7232 NDCG@1: 0.5817 NDCG@3: 0.6912 NDCG@5: 0.7372 NDCG@10: 0.7825 
Previsou Query - Best Result: MAP: 0.7015 MRR: 0.7230 NDCG@1: 0.5809 NDCG@3: 0.6907 NDCG@5: 0.7368 NDCG@10: 0.7824 
Epoch 3/3
Previsou Query - Best Result: MAP: 0.7028 MRR: 0.7254 NDCG@1: 0.5858 NDCG@3: 0.6913 NDCG@5: 0.7396 NDCG@10: 0.7836 
Previsou Query - Best Result: MAP: 0.7049 MRR: 0.7264 NDCG@1: 0.5847 NDCG@3: 0.6946 NDCG@5: 0.7420 NDCG@10: 0.7849 
Previsou Query - Best Result: MAP: 0.7075 MRR: 0.7292 NDCG@1: 0.5877 NDCG@3: 0.6975 NDCG@5: 0.7423 NDCG@10: 0.7869 
Previsou Query - Best Result: MAP: 0.7063 MRR: 0.7299 NDCG@1: 0.5900 NDCG@3: 0.6954 NDCG@5: 0.7423 NDCG@10: 0.7864 
Previsou Query - Best Result: MAP: 0.7079 MRR: 0.7309 NDCG@1: 0.5915 NDCG@3: 0.6978 NDCG@5: 0.7434 NDCG@10: 0.7875 
Previsou Query - Best Result: MAP: 0.7079 MRR: 0.7309 NDCG@1: 0.5915 NDCG@3: 0.6978 NDCG@5: 0.7434 NDCG@10: 0.7875 

Hyper-parameters:
is_training	True
per_gpu_batch_size	64
per_gpu_test_batch_size	128
learning_rate	5e-05
task	tiangong
epochs	3
save_path	/cache/output/pointwise/models/bert_sessionsearch.tiangong.5.30.128.sent_deletion.term_deletion.qd_reorder
score_file_path	/cache/output/BertContrastive.tiangong.5.30.128.sent_deletion.term_deletion.qd_reorder.score.txt
score_file_pre_path	/cache/output/bert_pointwise.tiangong.5.30.128.sent_deletion.term_deletion.qd_reorder.pre.score.txt
bert_model_path	/cache/data/BertModel/
pretrain_model_path	/cache/output/pretraining/models/BertContrastive.tiangong.5.30.128.sent_deletion.term_deletion.qd_reorder
log_path	/cache/output/pointwise/logs/BertSessionSearch.tiangong.log
batch_size	256
test_batch_size	512
Epoch 1/3
Best Result: MAP: 0.8672 MRR: 0.9285 NDCG@1: 0.7271 NDCG@3: 0.7286 NDCG@5: 0.7491 NDCG@10: 0.8799 
Previsou Query - Best Result: MAP: 0.6257 MRR: 0.6465 NDCG@1: 0.4832 NDCG@3: 0.5998 NDCG@5: 0.6623 NDCG@10: 0.7247 
Previsou Query - Best Result: MAP: 0.6490 MRR: 0.6700 NDCG@1: 0.5111 NDCG@3: 0.6313 NDCG@5: 0.6817 NDCG@10: 0.7423 
Best Result: MAP: 0.8637 MRR: 0.9290 NDCG@1: 0.7377 NDCG@3: 0.7435 NDCG@5: 0.7566 NDCG@10: 0.8845 
Previsou Query - Best Result: MAP: 0.6595 MRR: 0.6818 NDCG@1: 0.5258 NDCG@3: 0.6420 NDCG@5: 0.6942 NDCG@10: 0.7506 
Previsou Query - Best Result: MAP: 0.6732 MRR: 0.6952 NDCG@1: 0.5458 NDCG@3: 0.6560 NDCG@5: 0.7077 NDCG@10: 0.7610 
Previsou Query - Best Result: MAP: 0.6715 MRR: 0.6960 NDCG@1: 0.5538 NDCG@3: 0.6526 NDCG@5: 0.7035 NDCG@10: 0.7598 
Previsou Query - Best Result: MAP: 0.6712 MRR: 0.6953 NDCG@1: 0.5530 NDCG@3: 0.6510 NDCG@5: 0.7041 NDCG@10: 0.7595 
Epoch 2/3
Best Result: MAP: 0.8629 MRR: 0.9339 NDCG@1: 0.7456 NDCG@3: 0.7402 NDCG@5: 0.7575 NDCG@10: 0.8851 
Previsou Query - Best Result: MAP: 0.6840 MRR: 0.7065 NDCG@1: 0.5628 NDCG@3: 0.6667 NDCG@5: 0.7183 NDCG@10: 0.7692 
Previsou Query - Best Result: MAP: 0.6814 MRR: 0.7043 NDCG@1: 0.5545 NDCG@3: 0.6677 NDCG@5: 0.7168 NDCG@10: 0.7674 
Previsou Query - Best Result: MAP: 0.6862 MRR: 0.7067 NDCG@1: 0.5579 NDCG@3: 0.6702 NDCG@5: 0.7218 NDCG@10: 0.7707 
Previsou Query - Best Result: MAP: 0.6927 MRR: 0.7149 NDCG@1: 0.5711 NDCG@3: 0.6780 NDCG@5: 0.7292 NDCG@10: 0.7758 
Previsou Query - Best Result: MAP: 0.7008 MRR: 0.7220 NDCG@1: 0.5775 NDCG@3: 0.6886 NDCG@5: 0.7375 NDCG@10: 0.7818 
Previsou Query - Best Result: MAP: 0.7013 MRR: 0.7227 NDCG@1: 0.5783 NDCG@3: 0.6898 NDCG@5: 0.7380 NDCG@10: 0.7823 
Epoch 3/3
Previsou Query - Best Result: MAP: 0.6970 MRR: 0.7206 NDCG@1: 0.5741 NDCG@3: 0.6864 NDCG@5: 0.7329 NDCG@10: 0.7794 
Previsou Query - Best Result: MAP: 0.7052 MRR: 0.7280 NDCG@1: 0.5858 NDCG@3: 0.6946 NDCG@5: 0.7386 NDCG@10: 0.7854 
Previsou Query - Best Result: MAP: 0.7072 MRR: 0.7304 NDCG@1: 0.5888 NDCG@3: 0.6976 NDCG@5: 0.7411 NDCG@10: 0.7870 
Previsou Query - Best Result: MAP: 0.7073 MRR: 0.7290 NDCG@1: 0.5858 NDCG@3: 0.6979 NDCG@5: 0.7418 NDCG@10: 0.7869 
Previsou Query - Best Result: MAP: 0.7095 MRR: 0.7318 NDCG@1: 0.5900 NDCG@3: 0.6999 NDCG@5: 0.7437 NDCG@10: 0.7886 
Previsou Query - Best Result: MAP: 0.7095 MRR: 0.7318 NDCG@1: 0.5900 NDCG@3: 0.6999 NDCG@5: 0.7437 NDCG@10: 0.7886 
