
Epoch  3 / 3
Average loss:0.202896 
start test...
Best Result: MAP: 0.5414 MRR: 0.5514 NDCG@1: 0.3941 NDCG@3: 0.5376 NDCG@5: 0.5753 NDCG@10: 0.6075
Namespace(batch_size=256, bert_model_path='/cache/data/BertModel/', epochs=3, is_training=True, learning_rate=5e-05, log_path='/cache/output/pointwise/logs/BertSessionSearch.aol.log', per_gpu_batch_size=64, per_gpu_test_batch_size=128, pretrain_model_path='/cache/output/pretraining/models/BertContrastive.aol.5.10.128.sent_deletion.term_deletion.qd_reorder', save_path='/cache/output/pointwise/models/bert_sessionsearch.aol.5.10.128.sent_deletion.term_deletion.qd_reorder', score_file_path='/cache/output/BertContrastive.aol.5.10.128.sent_deletion.term_deletion.qd_reorder.score.txt', score_file_pre_path='score_file.preq.txt', task='aol', test_batch_size=512)

Epoch  1 / 3
Best Result: MAP: 0.5168 MRR: 0.5260 NDCG@1: 0.3674 NDCG@3: 0.5143 NDCG@5: 0.5484 NDCG@10: 0.5806
Best Result: MAP: 0.5168 MRR: 0.5263 NDCG@1: 0.3704 NDCG@3: 0.5133 NDCG@5: 0.5459 NDCG@10: 0.5814
Best Result: MAP: 0.5199 MRR: 0.5287 NDCG@1: 0.3691 NDCG@3: 0.5180 NDCG@5: 0.5536 NDCG@10: 0.5866
Best Result: MAP: 0.5300 MRR: 0.5391 NDCG@1: 0.3826 NDCG@3: 0.5270 NDCG@5: 0.5624 NDCG@10: 0.5947
Best Result: MAP: 0.5333 MRR: 0.5421 NDCG@1: 0.3828 NDCG@3: 0.5323 NDCG@5: 0.5669 NDCG@10: 0.5988
Average loss:0.298873 
Best Result: MAP: 0.5369 MRR: 0.5455 NDCG@1: 0.3869 NDCG@3: 0.5364 NDCG@5: 0.5703 NDCG@10: 0.6020

Epoch  2 / 3
Best Result: MAP: 0.5378 MRR: 0.5472 NDCG@1: 0.3935 NDCG@3: 0.5342 NDCG@5: 0.5713 NDCG@10: 0.6019
Best Result: MAP: 0.5388 MRR: 0.5481 NDCG@1: 0.3948 NDCG@3: 0.5361 NDCG@5: 0.5732 NDCG@10: 0.6040
Average loss:0.241227 

Epoch  3 / 3
Average loss:0.202488 
start test...
Best Result: MAP: 0.5462 MRR: 0.5562 NDCG@1: 0.3984 NDCG@3: 0.5424 NDCG@5: 0.5812 NDCG@10: 0.6130
write success
