
Hyper-parameters:
is_training	True
per_gpu_batch_size	64
per_gpu_test_batch_size	128
learning_rate	5e-05
task	aol
epochs	3
save_path	/cache/output/pointwise/models/bert_sessionsearch.aol.5.10.128.sent_deletion.term_deletion.qd_reorder
score_file_path	/cache/output/BertContrastive.aol.5.10.128.sent_deletion.term_deletion.qd_reorder.score.txt
score_file_pre_path	score_file.preq.txt
bert_model_path	/cache/data/BertModel/
pretrain_model_path	/cache/output/pretraining/models/BertContrastive.aol.5.10.128.sent_deletion.term_deletion.qd_reorder
log_path	/cache/output/pointwise/logs/BertSessionSearch.aol.log
batch_size	256
test_batch_size	512
Epoch 1/3
Best Result: MAP: 0.5045 MRR: 0.5131 NDCG@1: 0.3530 NDCG@3: 0.5013 NDCG@5: 0.5359 NDCG@10: 0.5695 
Best Result: MAP: 0.5173 MRR: 0.5267 NDCG@1: 0.3685 NDCG@3: 0.5145 NDCG@5: 0.5496 NDCG@10: 0.5820 
Best Result: MAP: 0.5181 MRR: 0.5276 NDCG@1: 0.3691 NDCG@3: 0.5153 NDCG@5: 0.5505 NDCG@10: 0.5832 
Best Result: MAP: 0.5281 MRR: 0.5374 NDCG@1: 0.3815 NDCG@3: 0.5248 NDCG@5: 0.5613 NDCG@10: 0.5915 
Best Result: MAP: 0.5365 MRR: 0.5452 NDCG@1: 0.3914 NDCG@3: 0.5331 NDCG@5: 0.5705 NDCG@10: 0.5998 
Epoch 2/3
Best Result: MAP: 0.5421 MRR: 0.5509 NDCG@1: 0.3958 NDCG@3: 0.5413 NDCG@5: 0.5769 NDCG@10: 0.6057 
Epoch 3/3
Best Result: MAP: 0.5459 MRR: 0.5562 NDCG@1: 0.3984 NDCG@3: 0.5433 NDCG@5: 0.5802 NDCG@10: 0.6115 

Hyper-parameters:
is_training	True
per_gpu_batch_size	64
per_gpu_test_batch_size	128
learning_rate	5e-05
task	aol
epochs	3
save_path	/cache/output/pointwise/models/bert_sessionsearch.aol.5.10.128.sent_deletion.term_deletion.qd_reorder
score_file_path	/cache/output/BertContrastive.aol.5.10.128.sent_deletion.term_deletion.qd_reorder.score.txt
score_file_pre_path	score_file.preq.txt
bert_model_path	/cache/data/BertModel/
pretrain_model_path	/cache/output/pretraining/models/BertContrastive.aol.5.10.128.sent_deletion.term_deletion.qd_reorder
log_path	/cache/output/pointwise/logs/BertSessionSearch.aol.log
batch_size	256
test_batch_size	512
Epoch 1/3
Best Result: MAP: 0.5056 MRR: 0.5147 NDCG@1: 0.3546 NDCG@3: 0.5009 NDCG@5: 0.5374 NDCG@10: 0.5716 
Best Result: MAP: 0.5266 MRR: 0.5366 NDCG@1: 0.3796 NDCG@3: 0.5251 NDCG@5: 0.5589 NDCG@10: 0.5911 
Best Result: MAP: 0.5296 MRR: 0.5385 NDCG@1: 0.3848 NDCG@3: 0.5263 NDCG@5: 0.5614 NDCG@10: 0.5930 
Best Result: MAP: 0.5378 MRR: 0.5467 NDCG@1: 0.3918 NDCG@3: 0.5342 NDCG@5: 0.5734 NDCG@10: 0.6031 
Epoch 2/3
Best Result: MAP: 0.5423 MRR: 0.5515 NDCG@1: 0.3972 NDCG@3: 0.5400 NDCG@5: 0.5762 NDCG@10: 0.6075 
Epoch 3/3
Best Result: MAP: 0.5468 MRR: 0.5569 NDCG@1: 0.3983 NDCG@3: 0.5441 NDCG@5: 0.5815 NDCG@10: 0.6135 
